[debug] [2020-09-11T17:52:56.020Z] ----------------------------------------------------------------------
[debug] [2020-09-11T17:52:56.024Z] Command:       C:\Program Files\nodejs\node.exe C:\Program Files\nodejs\node_modules\firebase-tools\lib\bin\firebase.js emulators:start
[debug] [2020-09-11T17:52:56.024Z] CLI Version:   8.10.0
[debug] [2020-09-11T17:52:56.024Z] Platform:      win32
[debug] [2020-09-11T17:52:56.024Z] Node Version:  v12.18.3
[debug] [2020-09-11T17:52:56.026Z] Time:          Fri Sep 11 2020 23:37:56 GMT+0545 (Nepal Time)
[debug] [2020-09-11T17:52:56.026Z] ----------------------------------------------------------------------
[debug] [2020-09-11T17:52:56.026Z] 
[debug] [2020-09-11T17:52:56.071Z] > command requires scopes: ["email","openid","https://www.googleapis.com/auth/cloudplatformprojects.readonly","https://www.googleapis.com/auth/firebase","https://www.googleapis.com/auth/cloud-platform"]
[debug] [2020-09-11T17:52:56.072Z] > authorizing via signed-in user
[info] i  emulators: Starting emulators: functions, hosting {"metadata":{"emulator":{"name":"hub"},"message":"Starting emulators: functions, hosting"}}
[debug] [2020-09-11T17:52:58.163Z] [hub] writing locator at C:\Users\benar\AppData\Local\Temp\hub-clone-78aed.json
[warn] !  functions: The following emulators are not running, calls to these services from the Functions emulator will affect production: firestore, database, pubsub {"metadata":{"emulator":{"name":"functions"},"message":"The following emulators are not running, calls to these services from the Functions emulator will affect production: \u001b[1mfirestore, database, pubsub\u001b[22m"}}
[warn] !  Your requested "node" version "10" doesn't match your global version "12" {"metadata":{"emulator":{"name":"functions"},"message":"Your requested \"node\" version \"10\" doesn't match your global version \"12\""}}
[debug] [2020-09-11T17:53:00.239Z] defaultcredentials: writing to file C:\Users\benar\AppData\Roaming\firebase\benarayanz_gmail_com_application_default_credentials.json
[debug] [2020-09-11T17:53:00.254Z] Setting GAC to C:\Users\benar\AppData\Roaming\firebase\benarayanz_gmail_com_application_default_credentials.json {"metadata":{"emulator":{"name":"functions"},"message":"Setting GAC to C:\\Users\\benar\\AppData\\Roaming\\firebase\\benarayanz_gmail_com_application_default_credentials.json"}}
[debug] [2020-09-11T17:53:02.287Z] >>> HTTP REQUEST GET https://firebase.googleapis.com/v1beta1/projects/clone-78aed/webApps/-/config  
 
[debug] [2020-09-11T17:53:03.655Z] <<< HTTP RESPONSE 200 {"content-type":"application/json; charset=UTF-8","vary":"X-Origin, Referer, Origin,Accept-Encoding","date":"Fri, 11 Sep 2020 17:53:02 GMT","server":"ESF","cache-control":"private","x-xss-protection":"0","x-frame-options":"SAMEORIGIN","x-content-type-options":"nosniff","alt-svc":"h3-29=\":443\"; ma=2592000,h3-27=\":443\"; ma=2592000,h3-T051=\":443\"; ma=2592000,h3-T050=\":443\"; ma=2592000,h3-Q050=\":443\"; ma=2592000,h3-Q046=\":443\"; ma=2592000,h3-Q043=\":443\"; ma=2592000,quic=\":443\"; ma=2592000; v=\"46,43\"","accept-ranges":"none","transfer-encoding":"chunked"}
[info] i  hosting: Serving hosting files from: build {"metadata":{"emulator":{"name":"hosting"},"message":"Serving hosting files from: \u001b[1mbuild\u001b[22m"}}
[info] +  hosting: Local server: http://localhost:5000 {"metadata":{"emulator":{"name":"hosting"},"message":"Local server: \u001b[4m\u001b[1mhttp://localhost:5000\u001b[22m\u001b[24m"}}
[info] i  ui: downloading ui-v1.1.1.zip... {"metadata":{"emulator":{"name":"ui"},"message":"downloading ui-v1.1.1.zip..."}}
[debug] [2020-09-11T17:53:11.063Z] Ignoring unsupported arg: auto_download {"metadata":{"emulator":{"name":"ui"},"message":"Ignoring unsupported arg: auto_download"}}
[debug] [2020-09-11T17:53:11.063Z] Ignoring unsupported arg: port {"metadata":{"emulator":{"name":"ui"},"message":"Ignoring unsupported arg: port"}}
[debug] [2020-09-11T17:53:11.063Z] Starting Emulator UI with command {"binary":"node","args":["C:\\Users\\benar\\.cache\\firebase\\emulators\\ui-v1.1.1\\server.bundle.js"],"optionalArgs":[],"joinArgs":false} {"metadata":{"emulator":{"name":"ui"},"message":"Starting Emulator UI with command {\"binary\":\"node\",\"args\":[\"C:\\\\Users\\\\benar\\\\.cache\\\\firebase\\\\emulators\\\\ui-v1.1.1\\\\server.bundle.js\"],\"optionalArgs\":[],\"joinArgs\":false}"}}
[info] i  ui: Emulator UI logging to ui-debug.log {"metadata":{"emulator":{"name":"ui"},"message":"Emulator UI logging to \u001b[1mui-debug.log\u001b[22m"}}
[debug] [2020-09-11T17:53:11.243Z] Web / API server started at http://localhost:4000
 {"metadata":{"emulator":{"name":"ui"},"message":"Web / API server started at http://localhost:4000\n"}}
[info] i  functions: Watching "D:\Other Projects\React projects\amazon-clone\functions" for Cloud Functions... {"metadata":{"emulator":{"name":"functions"},"message":"Watching \"D:\\Other Projects\\React projects\\amazon-clone\\functions\" for Cloud Functions..."}}
[debug] [2020-09-11T17:53:11.662Z] [worker-pool] addWorker(~diagnostic~) {"metadata":{"emulator":{"name":"functions"},"message":"[worker-pool] addWorker(~diagnostic~)"}}
[debug] [2020-09-11T17:53:11.663Z] [worker-pool] Adding worker with key ~diagnostic~, total=1 {"metadata":{"emulator":{"name":"functions"},"message":"[worker-pool] Adding worker with key ~diagnostic~, total=1"}}
[debug] [2020-09-11T17:53:11.663Z] [worker-pool] submitWork(triggerId=) {"metadata":{"emulator":{"name":"functions"},"message":"[worker-pool] submitWork(triggerId=)"}}
[debug] [2020-09-11T17:53:11.664Z] [worker-~diagnostic~-bbc37e05-1531-4db4-a7a0-20602afa4fdd]: Assigning socketPath: \\?\pipe\D:\Other Projects\React projects\amazon-clone\functions\13068 {"metadata":{"emulator":{"name":"functions"},"message":"[worker-~diagnostic~-bbc37e05-1531-4db4-a7a0-20602afa4fdd]: Assigning socketPath: \\\\?\\pipe\\D:\\Other Projects\\React projects\\amazon-clone\\functions\\13068"}}
[debug] [2020-09-11T17:53:11.665Z] [worker-~diagnostic~-bbc37e05-1531-4db4-a7a0-20602afa4fdd]: BUSY {"metadata":{"emulator":{"name":"functions"},"message":"[worker-~diagnostic~-bbc37e05-1531-4db4-a7a0-20602afa4fdd]: BUSY"}}
[debug] [2020-09-11T17:53:12.488Z] [runtime-status] [13068] Functions runtime initialized. {"cwd":"D:\\Other Projects\\React projects\\amazon-clone\\functions","node_version":"12.18.3"} {"metadata":{"emulator":{"name":"functions"},"message":"[runtime-status] [13068] Functions runtime initialized. {\"cwd\":\"D:\\\\Other Projects\\\\React projects\\\\amazon-clone\\\\functions\",\"node_version\":\"12.18.3\"}"}}
[debug] [2020-09-11T17:53:12.495Z] [runtime-status] [13068] Disabled runtime features: undefined {"metadata":{"emulator":{"name":"functions"},"message":"[runtime-status] [13068] Disabled runtime features: undefined"}}
[debug] [2020-09-11T17:53:12.501Z] [runtime-status] [13068] Resolved module firebase-admin {"declared":true,"installed":true,"version":"8.13.0","resolution":"D:\\Other Projects\\React projects\\amazon-clone\\functions\\node_modules\\firebase-admin\\lib\\index.js"} {"metadata":{"emulator":{"name":"functions"},"message":"[runtime-status] [13068] Resolved module firebase-admin {\"declared\":true,\"installed\":true,\"version\":\"8.13.0\",\"resolution\":\"D:\\\\Other Projects\\\\React projects\\\\amazon-clone\\\\functions\\\\node_modules\\\\firebase-admin\\\\lib\\\\index.js\"}"}}
[debug] [2020-09-11T17:53:12.514Z] [runtime-status] [13068] Resolved module firebase-functions {"declared":true,"installed":true,"version":"3.11.0","resolution":"D:\\Other Projects\\React projects\\amazon-clone\\functions\\node_modules\\firebase-functions\\lib\\index.js"} {"metadata":{"emulator":{"name":"functions"},"message":"[runtime-status] [13068] Resolved module firebase-functions {\"declared\":true,\"installed\":true,\"version\":\"3.11.0\",\"resolution\":\"D:\\\\Other Projects\\\\React projects\\\\amazon-clone\\\\functions\\\\node_modules\\\\firebase-functions\\\\lib\\\\index.js\"}"}}
[debug] [2020-09-11T17:53:12.521Z] [runtime-status] [13068] Resolved module firebase-functions {"declared":true,"installed":true,"version":"3.11.0","resolution":"D:\\Other Projects\\React projects\\amazon-clone\\functions\\node_modules\\firebase-functions\\lib\\index.js"} {"metadata":{"emulator":{"name":"functions"},"message":"[runtime-status] [13068] Resolved module firebase-functions {\"declared\":true,\"installed\":true,\"version\":\"3.11.0\",\"resolution\":\"D:\\\\Other Projects\\\\React projects\\\\amazon-clone\\\\functions\\\\node_modules\\\\firebase-functions\\\\lib\\\\index.js\"}"}}
[debug] [2020-09-11T17:53:12.528Z] [runtime-status] [13068] Outgoing network have been stubbed. [{"name":"http","status":"mocked"},{"name":"http","status":"mocked"},{"name":"https","status":"mocked"},{"name":"https","status":"mocked"},{"name":"net","status":"mocked"}] {"metadata":{"emulator":{"name":"functions"},"message":"[runtime-status] [13068] Outgoing network have been stubbed. [{\"name\":\"http\",\"status\":\"mocked\"},{\"name\":\"http\",\"status\":\"mocked\"},{\"name\":\"https\",\"status\":\"mocked\"},{\"name\":\"https\",\"status\":\"mocked\"},{\"name\":\"net\",\"status\":\"mocked\"}]"}}
[debug] [2020-09-11T17:53:12.529Z] [runtime-status] [13068] Resolved module firebase-functions {"declared":true,"installed":true,"version":"3.11.0","resolution":"D:\\Other Projects\\React projects\\amazon-clone\\functions\\node_modules\\firebase-functions\\lib\\index.js"} {"metadata":{"emulator":{"name":"functions"},"message":"[runtime-status] [13068] Resolved module firebase-functions {\"declared\":true,\"installed\":true,\"version\":\"3.11.0\",\"resolution\":\"D:\\\\Other Projects\\\\React projects\\\\amazon-clone\\\\functions\\\\node_modules\\\\firebase-functions\\\\lib\\\\index.js\"}"}}
[debug] [2020-09-11T17:53:13.365Z] [runtime-status] [13068] Checked functions.config() {"config":{}} {"metadata":{"emulator":{"name":"functions"},"message":"[runtime-status] [13068] Checked functions.config() {\"config\":{}}"}}
[debug] [2020-09-11T17:53:13.366Z] [runtime-status] [13068] firebase-functions has been stubbed. {"functionsResolution":{"declared":true,"installed":true,"version":"3.11.0","resolution":"D:\\Other Projects\\React projects\\amazon-clone\\functions\\node_modules\\firebase-functions\\lib\\index.js"}} {"metadata":{"emulator":{"name":"functions"},"message":"[runtime-status] [13068] firebase-functions has been stubbed. {\"functionsResolution\":{\"declared\":true,\"installed\":true,\"version\":\"3.11.0\",\"resolution\":\"D:\\\\Other Projects\\\\React projects\\\\amazon-clone\\\\functions\\\\node_modules\\\\firebase-functions\\\\lib\\\\index.js\"}}"}}
[debug] [2020-09-11T17:53:13.366Z] [runtime-status] [13068] Resolved module firebase-functions {"declared":true,"installed":true,"version":"3.11.0","resolution":"D:\\Other Projects\\React projects\\amazon-clone\\functions\\node_modules\\firebase-functions\\lib\\index.js"} {"metadata":{"emulator":{"name":"functions"},"message":"[runtime-status] [13068] Resolved module firebase-functions {\"declared\":true,\"installed\":true,\"version\":\"3.11.0\",\"resolution\":\"D:\\\\Other Projects\\\\React projects\\\\amazon-clone\\\\functions\\\\node_modules\\\\firebase-functions\\\\lib\\\\index.js\"}"}}
[debug] [2020-09-11T17:53:13.369Z] [runtime-status] [13068] Resolved module firebase-admin {"declared":true,"installed":true,"version":"8.13.0","resolution":"D:\\Other Projects\\React projects\\amazon-clone\\functions\\node_modules\\firebase-admin\\lib\\index.js"} {"metadata":{"emulator":{"name":"functions"},"message":"[runtime-status] [13068] Resolved module firebase-admin {\"declared\":true,\"installed\":true,\"version\":\"8.13.0\",\"resolution\":\"D:\\\\Other Projects\\\\React projects\\\\amazon-clone\\\\functions\\\\node_modules\\\\firebase-admin\\\\lib\\\\index.js\"}"}}
[debug] [2020-09-11T17:53:13.369Z] [runtime-status] [13068] Resolved module firebase-functions {"declared":true,"installed":true,"version":"3.11.0","resolution":"D:\\Other Projects\\React projects\\amazon-clone\\functions\\node_modules\\firebase-functions\\lib\\index.js"} {"metadata":{"emulator":{"name":"functions"},"message":"[runtime-status] [13068] Resolved module firebase-functions {\"declared\":true,\"installed\":true,\"version\":\"3.11.0\",\"resolution\":\"D:\\\\Other Projects\\\\React projects\\\\amazon-clone\\\\functions\\\\node_modules\\\\firebase-functions\\\\lib\\\\index.js\"}"}}
[debug] [2020-09-11T17:53:13.370Z] [runtime-status] [13068] firebase-admin has been stubbed. {"adminResolution":{"declared":true,"installed":true,"version":"8.13.0","resolution":"D:\\Other Projects\\React projects\\amazon-clone\\functions\\node_modules\\firebase-admin\\lib\\index.js"}} {"metadata":{"emulator":{"name":"functions"},"message":"[runtime-status] [13068] firebase-admin has been stubbed. {\"adminResolution\":{\"declared\":true,\"installed\":true,\"version\":\"8.13.0\",\"resolution\":\"D:\\\\Other Projects\\\\React projects\\\\amazon-clone\\\\functions\\\\node_modules\\\\firebase-admin\\\\lib\\\\index.js\"}}"}}
[info] +  functions[api]: http function initialized (http://localhost:5001/clone-78aed/us-central1/api). {"metadata":{"emulator":{"name":"functions"},"message":"\u001b[1mhttp\u001b[22m function initialized (http://localhost:5001/clone-78aed/us-central1/api)."}}
[info] 
┌───────────────────────────────────────────────────────────────────────┐
│ ✔  All emulators ready! View status and logs at http://localhost:4000 │
└───────────────────────────────────────────────────────────────────────┘

┌───────────┬────────────────┬─────────────────────────────────┐
│ Emulator  │ Host:Port      │ View in Emulator UI             │
├───────────┼────────────────┼─────────────────────────────────┤
│ Functions │ localhost:5001 │ http://localhost:4000/functions │
├───────────┼────────────────┼─────────────────────────────────┤
│ Hosting   │ localhost:5000 │ n/a                             │
└───────────┴────────────────┴─────────────────────────────────┘
  Other reserved ports: 4400, 4500

Issues? Report them at https://github.com/firebase/firebase-tools/issues and attach the *-debug.log files.
 
[debug] [2020-09-11T17:53:15.182Z] [worker-~diagnostic~-bbc37e05-1531-4db4-a7a0-20602afa4fdd]: IDLE {"metadata":{"emulator":{"name":"functions"},"message":"[worker-~diagnostic~-bbc37e05-1531-4db4-a7a0-20602afa4fdd]: IDLE"}}
[info] i  hosting: 127.0.0.1 - - [11/Sep/2020:17:53:49 +0000] "GET / HTTP/1.1" 200 2243 "-" "Mozilla/5.0 (Windows NT 10.0; Win64; x64; rv:80.0) Gecko/20100101 Firefox/80.0" {"metadata":{"emulator":{"name":"hosting"},"message":"127.0.0.1 - - [11/Sep/2020:17:53:49 +0000] \"GET / HTTP/1.1\" 200 2243 \"-\" \"Mozilla/5.0 (Windows NT 10.0; Win64; x64; rv:80.0) Gecko/20100101 Firefox/80.0\""}}
[info] i  hosting: 127.0.0.1 - - [11/Sep/2020:17:53:52 +0000] "GET /static/css/main.476ac117.chunk.css HTTP/1.1" 200 3985 "http://localhost:5000/" "Mozilla/5.0 (Windows NT 10.0; Win64; x64; rv:80.0) Gecko/20100101 Firefox/80.0" {"metadata":{"emulator":{"name":"hosting"},"message":"127.0.0.1 - - [11/Sep/2020:17:53:52 +0000] \"GET /static/css/main.476ac117.chunk.css HTTP/1.1\" 200 3985 \"http://localhost:5000/\" \"Mozilla/5.0 (Windows NT 10.0; Win64; x64; rv:80.0) Gecko/20100101 Firefox/80.0\""}}
[info] i  hosting: 127.0.0.1 - - [11/Sep/2020:17:53:52 +0000] "GET /static/js/main.205a0926.chunk.js HTTP/1.1" 200 2392 "http://localhost:5000/" "Mozilla/5.0 (Windows NT 10.0; Win64; x64; rv:80.0) Gecko/20100101 Firefox/80.0" {"metadata":{"emulator":{"name":"hosting"},"message":"127.0.0.1 - - [11/Sep/2020:17:53:52 +0000] \"GET /static/js/main.205a0926.chunk.js HTTP/1.1\" 200 2392 \"http://localhost:5000/\" \"Mozilla/5.0 (Windows NT 10.0; Win64; x64; rv:80.0) Gecko/20100101 Firefox/80.0\""}}
[info] i  hosting: 127.0.0.1 - - [11/Sep/2020:17:53:53 +0000] "GET /static/js/2.cc8ca085.chunk.js HTTP/1.1" 200 1032623 "http://localhost:5000/" "Mozilla/5.0 (Windows NT 10.0; Win64; x64; rv:80.0) Gecko/20100101 Firefox/80.0" {"metadata":{"emulator":{"name":"hosting"},"message":"127.0.0.1 - - [11/Sep/2020:17:53:53 +0000] \"GET /static/js/2.cc8ca085.chunk.js HTTP/1.1\" 200 1032623 \"http://localhost:5000/\" \"Mozilla/5.0 (Windows NT 10.0; Win64; x64; rv:80.0) Gecko/20100101 Firefox/80.0\""}}
[info] i  hosting: 127.0.0.1 - - [11/Sep/2020:17:53:53 +0000] "GET /favicon.ico HTTP/1.1" 200 3150 "-" "Mozilla/5.0 (Windows NT 10.0; Win64; x64; rv:80.0) Gecko/20100101 Firefox/80.0" {"metadata":{"emulator":{"name":"hosting"},"message":"127.0.0.1 - - [11/Sep/2020:17:53:53 +0000] \"GET /favicon.ico HTTP/1.1\" 200 3150 \"-\" \"Mozilla/5.0 (Windows NT 10.0; Win64; x64; rv:80.0) Gecko/20100101 Firefox/80.0\""}}
[info] i  hosting: 127.0.0.1 - - [11/Sep/2020:17:53:53 +0000] "GET /logo192.png HTTP/1.1" 200 5347 "-" "Mozilla/5.0 (Windows NT 10.0; Win64; x64; rv:80.0) Gecko/20100101 Firefox/80.0" {"metadata":{"emulator":{"name":"hosting"},"message":"127.0.0.1 - - [11/Sep/2020:17:53:53 +0000] \"GET /logo192.png HTTP/1.1\" 200 5347 \"-\" \"Mozilla/5.0 (Windows NT 10.0; Win64; x64; rv:80.0) Gecko/20100101 Firefox/80.0\""}}
[debug] [2020-09-11T17:55:56.409Z] [work-queue] {"queueLength":1,"workRunningCount":0}
[debug] [2020-09-11T17:55:56.410Z] [work-queue] {"queueLength":0,"workRunningCount":1}
[debug] [2020-09-11T17:55:56.411Z] Accepted request GET /clone-78aed/us-central1/api --> api
[debug] [2020-09-11T17:55:56.420Z] [worker-pool] addWorker(api) {"metadata":{"emulator":{"name":"functions"},"message":"[worker-pool] addWorker(api)"}}
[debug] [2020-09-11T17:55:56.421Z] [worker-pool] Adding worker with key api, total=1 {"metadata":{"emulator":{"name":"functions"},"message":"[worker-pool] Adding worker with key api, total=1"}}
[debug] [2020-09-11T17:55:56.421Z] [worker-pool] submitWork(triggerId=api) {"metadata":{"emulator":{"name":"functions"},"message":"[worker-pool] submitWork(triggerId=api)"}}
[debug] [2020-09-11T17:55:56.421Z] [worker-api-afc826fd-14a5-420d-b083-6e49c72fee25]: Assigning socketPath: \\?\pipe\D:\Other Projects\React projects\amazon-clone\functions\19840 {"metadata":{"emulator":{"name":"functions"},"message":"[worker-api-afc826fd-14a5-420d-b083-6e49c72fee25]: Assigning socketPath: \\\\?\\pipe\\D:\\Other Projects\\React projects\\amazon-clone\\functions\\19840"}}
[debug] [2020-09-11T17:55:56.421Z] [worker-api-afc826fd-14a5-420d-b083-6e49c72fee25]: BUSY {"metadata":{"emulator":{"name":"functions"},"message":"[worker-api-afc826fd-14a5-420d-b083-6e49c72fee25]: BUSY"}}
[debug] [2020-09-11T17:55:57.182Z] [runtime-status] [19840] Functions runtime initialized. {"cwd":"D:\\Other Projects\\React projects\\amazon-clone\\functions","node_version":"12.18.3"} {"metadata":{"emulator":{"name":"functions"},"function":{"name":"api"},"message":"[runtime-status] [19840] Functions runtime initialized. {\"cwd\":\"D:\\\\Other Projects\\\\React projects\\\\amazon-clone\\\\functions\",\"node_version\":\"12.18.3\"}"}}
[debug] [2020-09-11T17:55:57.190Z] [runtime-status] [19840] Disabled runtime features: undefined {"metadata":{"emulator":{"name":"functions"},"function":{"name":"api"},"message":"[runtime-status] [19840] Disabled runtime features: undefined"}}
[debug] [2020-09-11T17:55:57.199Z] [runtime-status] [19840] Resolved module firebase-admin {"declared":true,"installed":true,"version":"8.13.0","resolution":"D:\\Other Projects\\React projects\\amazon-clone\\functions\\node_modules\\firebase-admin\\lib\\index.js"} {"metadata":{"emulator":{"name":"functions"},"function":{"name":"api"},"message":"[runtime-status] [19840] Resolved module firebase-admin {\"declared\":true,\"installed\":true,\"version\":\"8.13.0\",\"resolution\":\"D:\\\\Other Projects\\\\React projects\\\\amazon-clone\\\\functions\\\\node_modules\\\\firebase-admin\\\\lib\\\\index.js\"}"}}
[debug] [2020-09-11T17:55:57.202Z] [runtime-status] [19840] Resolved module firebase-functions {"declared":true,"installed":true,"version":"3.11.0","resolution":"D:\\Other Projects\\React projects\\amazon-clone\\functions\\node_modules\\firebase-functions\\lib\\index.js"} {"metadata":{"emulator":{"name":"functions"},"function":{"name":"api"},"message":"[runtime-status] [19840] Resolved module firebase-functions {\"declared\":true,\"installed\":true,\"version\":\"3.11.0\",\"resolution\":\"D:\\\\Other Projects\\\\React projects\\\\amazon-clone\\\\functions\\\\node_modules\\\\firebase-functions\\\\lib\\\\index.js\"}"}}
[debug] [2020-09-11T17:55:57.203Z] [runtime-status] [19840] Resolved module firebase-functions {"declared":true,"installed":true,"version":"3.11.0","resolution":"D:\\Other Projects\\React projects\\amazon-clone\\functions\\node_modules\\firebase-functions\\lib\\index.js"} {"metadata":{"emulator":{"name":"functions"},"function":{"name":"api"},"message":"[runtime-status] [19840] Resolved module firebase-functions {\"declared\":true,\"installed\":true,\"version\":\"3.11.0\",\"resolution\":\"D:\\\\Other Projects\\\\React projects\\\\amazon-clone\\\\functions\\\\node_modules\\\\firebase-functions\\\\lib\\\\index.js\"}"}}
[debug] [2020-09-11T17:55:57.205Z] [runtime-status] [19840] Outgoing network have been stubbed. [{"name":"http","status":"mocked"},{"name":"http","status":"mocked"},{"name":"https","status":"mocked"},{"name":"https","status":"mocked"},{"name":"net","status":"mocked"}] {"metadata":{"emulator":{"name":"functions"},"function":{"name":"api"},"message":"[runtime-status] [19840] Outgoing network have been stubbed. [{\"name\":\"http\",\"status\":\"mocked\"},{\"name\":\"http\",\"status\":\"mocked\"},{\"name\":\"https\",\"status\":\"mocked\"},{\"name\":\"https\",\"status\":\"mocked\"},{\"name\":\"net\",\"status\":\"mocked\"}]"}}
[debug] [2020-09-11T17:55:57.206Z] [runtime-status] [19840] Resolved module firebase-functions {"declared":true,"installed":true,"version":"3.11.0","resolution":"D:\\Other Projects\\React projects\\amazon-clone\\functions\\node_modules\\firebase-functions\\lib\\index.js"} {"metadata":{"emulator":{"name":"functions"},"function":{"name":"api"},"message":"[runtime-status] [19840] Resolved module firebase-functions {\"declared\":true,\"installed\":true,\"version\":\"3.11.0\",\"resolution\":\"D:\\\\Other Projects\\\\React projects\\\\amazon-clone\\\\functions\\\\node_modules\\\\firebase-functions\\\\lib\\\\index.js\"}"}}
[debug] [2020-09-11T17:55:57.272Z] [runtime-status] [19840] Checked functions.config() {"config":{}} {"metadata":{"emulator":{"name":"functions"},"function":{"name":"api"},"message":"[runtime-status] [19840] Checked functions.config() {\"config\":{}}"}}
[debug] [2020-09-11T17:55:57.273Z] [runtime-status] [19840] firebase-functions has been stubbed. {"functionsResolution":{"declared":true,"installed":true,"version":"3.11.0","resolution":"D:\\Other Projects\\React projects\\amazon-clone\\functions\\node_modules\\firebase-functions\\lib\\index.js"}} {"metadata":{"emulator":{"name":"functions"},"function":{"name":"api"},"message":"[runtime-status] [19840] firebase-functions has been stubbed. {\"functionsResolution\":{\"declared\":true,\"installed\":true,\"version\":\"3.11.0\",\"resolution\":\"D:\\\\Other Projects\\\\React projects\\\\amazon-clone\\\\functions\\\\node_modules\\\\firebase-functions\\\\lib\\\\index.js\"}}"}}
[debug] [2020-09-11T17:55:57.275Z] [runtime-status] [19840] Resolved module firebase-functions {"declared":true,"installed":true,"version":"3.11.0","resolution":"D:\\Other Projects\\React projects\\amazon-clone\\functions\\node_modules\\firebase-functions\\lib\\index.js"} {"metadata":{"emulator":{"name":"functions"},"function":{"name":"api"},"message":"[runtime-status] [19840] Resolved module firebase-functions {\"declared\":true,\"installed\":true,\"version\":\"3.11.0\",\"resolution\":\"D:\\\\Other Projects\\\\React projects\\\\amazon-clone\\\\functions\\\\node_modules\\\\firebase-functions\\\\lib\\\\index.js\"}"}}
[debug] [2020-09-11T17:55:57.276Z] [runtime-status] [19840] Resolved module firebase-admin {"declared":true,"installed":true,"version":"8.13.0","resolution":"D:\\Other Projects\\React projects\\amazon-clone\\functions\\node_modules\\firebase-admin\\lib\\index.js"} {"metadata":{"emulator":{"name":"functions"},"function":{"name":"api"},"message":"[runtime-status] [19840] Resolved module firebase-admin {\"declared\":true,\"installed\":true,\"version\":\"8.13.0\",\"resolution\":\"D:\\\\Other Projects\\\\React projects\\\\amazon-clone\\\\functions\\\\node_modules\\\\firebase-admin\\\\lib\\\\index.js\"}"}}
[debug] [2020-09-11T17:55:57.278Z] [runtime-status] [19840] Resolved module firebase-functions {"declared":true,"installed":true,"version":"3.11.0","resolution":"D:\\Other Projects\\React projects\\amazon-clone\\functions\\node_modules\\firebase-functions\\lib\\index.js"} {"metadata":{"emulator":{"name":"functions"},"function":{"name":"api"},"message":"[runtime-status] [19840] Resolved module firebase-functions {\"declared\":true,\"installed\":true,\"version\":\"3.11.0\",\"resolution\":\"D:\\\\Other Projects\\\\React projects\\\\amazon-clone\\\\functions\\\\node_modules\\\\firebase-functions\\\\lib\\\\index.js\"}"}}
[debug] [2020-09-11T17:55:57.278Z] [runtime-status] [19840] firebase-admin has been stubbed. {"adminResolution":{"declared":true,"installed":true,"version":"8.13.0","resolution":"D:\\Other Projects\\React projects\\amazon-clone\\functions\\node_modules\\firebase-admin\\lib\\index.js"}} {"metadata":{"emulator":{"name":"functions"},"function":{"name":"api"},"message":"[runtime-status] [19840] firebase-admin has been stubbed. {\"adminResolution\":{\"declared\":true,\"installed\":true,\"version\":\"8.13.0\",\"resolution\":\"D:\\\\Other Projects\\\\React projects\\\\amazon-clone\\\\functions\\\\node_modules\\\\firebase-admin\\\\lib\\\\index.js\"}}"}}
[debug] [2020-09-11T17:55:57.529Z] [runtime-status] [19840] Trigger "api" has been found, beginning invocation! {"metadata":{"emulator":{"name":"functions"},"function":{"name":"api"},"message":"[runtime-status] [19840] Trigger \"api\" has been found, beginning invocation!"}}
[info] i  functions: Beginning execution of "api" {"metadata":{"emulator":{"name":"functions"},"function":{"name":"api"},"message":"Beginning execution of \"api\""}}
[debug] [2020-09-11T17:55:57.531Z] [runtime-status] [19840] triggerDefinition {"httpsTrigger":{},"name":"api","entryPoint":"api"} {"metadata":{"emulator":{"name":"functions"},"function":{"name":"api"},"message":"[runtime-status] [19840] triggerDefinition {\"httpsTrigger\":{},\"name\":\"api\",\"entryPoint\":\"api\"}"}}
[debug] [2020-09-11T17:55:57.532Z] [runtime-status] [19840] Running api in mode HTTPS {"metadata":{"emulator":{"name":"functions"},"function":{"name":"api"},"message":"[runtime-status] [19840] Running api in mode HTTPS"}}
[debug] [2020-09-11T17:55:57.538Z] [runtime-status] [19840] Attempting to listen to socketPath: \\?\pipe\D:\Other Projects\React projects\amazon-clone\functions\19840 {"metadata":{"emulator":{"name":"functions"},"function":{"name":"api"},"message":"[runtime-status] [19840] Attempting to listen to socketPath: \\\\?\\pipe\\D:\\Other Projects\\React projects\\amazon-clone\\functions\\19840"}}
[debug] [2020-09-11T17:55:57.543Z] [functions] Runtime ready! Sending request! {"metadata":{"emulator":{"name":"functions"},"message":"[functions] Runtime ready! Sending request!"}}
[debug] [2020-09-11T17:55:57.555Z] [runtime-status] [19840] Ephemeral server handling GET request {"metadata":{"emulator":{"name":"functions"},"function":{"name":"api"},"message":"[runtime-status] [19840] Ephemeral server handling GET request"}}
[debug] [2020-09-11T17:55:57.566Z] [runtime-status] [19840] Ephemeral server survived. {"metadata":{"emulator":{"name":"functions"},"function":{"name":"api"},"message":"[runtime-status] [19840] Ephemeral server survived."}}
[info] i  functions: Finished "api" in ~1s {"metadata":{"emulator":{"name":"functions"},"function":{"name":"api"},"message":"Finished \"api\" in ~1s"}}
[debug] [2020-09-11T17:55:57.574Z] [worker-api-afc826fd-14a5-420d-b083-6e49c72fee25]: IDLE {"metadata":{"emulator":{"name":"functions"},"message":"[worker-api-afc826fd-14a5-420d-b083-6e49c72fee25]: IDLE"}}
[debug] [2020-09-11T17:55:57.575Z] [work-queue] {"queueLength":0,"workRunningCount":0}
[debug] [2020-09-11T17:55:57.669Z] Functions emulator received unknown request at path /favicon.ico
[debug] [2020-09-11T17:59:13.373Z] File D:\Other Projects\React projects\amazon-clone\functions\index.js changed, reloading triggers {"metadata":{"emulator":{"name":"functions"},"message":"File D:\\Other Projects\\React projects\\amazon-clone\\functions\\index.js changed, reloading triggers"}}
[debug] [2020-09-11T17:59:14.381Z] [worker-pool] Shutting down IDLE worker (~diagnostic~) {"metadata":{"emulator":{"name":"functions"},"message":"[worker-pool] Shutting down IDLE worker (~diagnostic~)"}}
[debug] [2020-09-11T17:59:14.382Z] [worker-~diagnostic~-bbc37e05-1531-4db4-a7a0-20602afa4fdd]: FINISHING {"metadata":{"emulator":{"name":"functions"},"message":"[worker-~diagnostic~-bbc37e05-1531-4db4-a7a0-20602afa4fdd]: FINISHING"}}
[debug] [2020-09-11T17:59:14.383Z] [worker-pool] Shutting down IDLE worker (api) {"metadata":{"emulator":{"name":"functions"},"message":"[worker-pool] Shutting down IDLE worker (api)"}}
[debug] [2020-09-11T17:59:14.383Z] [worker-api-afc826fd-14a5-420d-b083-6e49c72fee25]: FINISHING {"metadata":{"emulator":{"name":"functions"},"message":"[worker-api-afc826fd-14a5-420d-b083-6e49c72fee25]: FINISHING"}}
[debug] [2020-09-11T17:59:14.419Z] [worker-pool] addWorker(~diagnostic~) {"metadata":{"emulator":{"name":"functions"},"message":"[worker-pool] addWorker(~diagnostic~)"}}
[debug] [2020-09-11T17:59:14.419Z] [worker-pool] Adding worker with key ~diagnostic~, total=2 {"metadata":{"emulator":{"name":"functions"},"message":"[worker-pool] Adding worker with key ~diagnostic~, total=2"}}
[debug] [2020-09-11T17:59:14.420Z] [worker-pool] submitWork(triggerId=) {"metadata":{"emulator":{"name":"functions"},"message":"[worker-pool] submitWork(triggerId=)"}}
[debug] [2020-09-11T17:59:14.420Z] [worker-~diagnostic~-f92c1061-ec37-4f3f-857f-991a3ce2fbdd]: Assigning socketPath: \\?\pipe\D:\Other Projects\React projects\amazon-clone\functions\11540 {"metadata":{"emulator":{"name":"functions"},"message":"[worker-~diagnostic~-f92c1061-ec37-4f3f-857f-991a3ce2fbdd]: Assigning socketPath: \\\\?\\pipe\\D:\\Other Projects\\React projects\\amazon-clone\\functions\\11540"}}
[debug] [2020-09-11T17:59:14.420Z] [worker-~diagnostic~-f92c1061-ec37-4f3f-857f-991a3ce2fbdd]: BUSY {"metadata":{"emulator":{"name":"functions"},"message":"[worker-~diagnostic~-f92c1061-ec37-4f3f-857f-991a3ce2fbdd]: BUSY"}}
[debug] [2020-09-11T17:59:14.423Z] [worker-~diagnostic~-bbc37e05-1531-4db4-a7a0-20602afa4fdd]: exited {"metadata":{"emulator":{"name":"functions"},"message":"[worker-~diagnostic~-bbc37e05-1531-4db4-a7a0-20602afa4fdd]: exited"}}
[debug] [2020-09-11T17:59:14.423Z] [worker-~diagnostic~-bbc37e05-1531-4db4-a7a0-20602afa4fdd]: FINISHED {"metadata":{"emulator":{"name":"functions"},"message":"[worker-~diagnostic~-bbc37e05-1531-4db4-a7a0-20602afa4fdd]: FINISHED"}}
[debug] [2020-09-11T17:59:14.424Z] [worker-api-afc826fd-14a5-420d-b083-6e49c72fee25]: exited {"metadata":{"emulator":{"name":"functions"},"message":"[worker-api-afc826fd-14a5-420d-b083-6e49c72fee25]: exited"}}
[debug] [2020-09-11T17:59:14.424Z] [worker-api-afc826fd-14a5-420d-b083-6e49c72fee25]: FINISHED {"metadata":{"emulator":{"name":"functions"},"message":"[worker-api-afc826fd-14a5-420d-b083-6e49c72fee25]: FINISHED"}}
[debug] [2020-09-11T17:59:16.315Z] [runtime-status] [11540] Functions runtime initialized. {"cwd":"D:\\Other Projects\\React projects\\amazon-clone\\functions","node_version":"12.18.3"} {"metadata":{"emulator":{"name":"functions"},"message":"[runtime-status] [11540] Functions runtime initialized. {\"cwd\":\"D:\\\\Other Projects\\\\React projects\\\\amazon-clone\\\\functions\",\"node_version\":\"12.18.3\"}"}}
[debug] [2020-09-11T17:59:16.333Z] [runtime-status] [11540] Disabled runtime features: undefined {"metadata":{"emulator":{"name":"functions"},"message":"[runtime-status] [11540] Disabled runtime features: undefined"}}
[debug] [2020-09-11T17:59:16.352Z] [runtime-status] [11540] Resolved module firebase-admin {"declared":true,"installed":true,"version":"8.13.0","resolution":"D:\\Other Projects\\React projects\\amazon-clone\\functions\\node_modules\\firebase-admin\\lib\\index.js"} {"metadata":{"emulator":{"name":"functions"},"message":"[runtime-status] [11540] Resolved module firebase-admin {\"declared\":true,\"installed\":true,\"version\":\"8.13.0\",\"resolution\":\"D:\\\\Other Projects\\\\React projects\\\\amazon-clone\\\\functions\\\\node_modules\\\\firebase-admin\\\\lib\\\\index.js\"}"}}
[debug] [2020-09-11T17:59:16.355Z] [runtime-status] [11540] Resolved module firebase-functions {"declared":true,"installed":true,"version":"3.11.0","resolution":"D:\\Other Projects\\React projects\\amazon-clone\\functions\\node_modules\\firebase-functions\\lib\\index.js"} {"metadata":{"emulator":{"name":"functions"},"message":"[runtime-status] [11540] Resolved module firebase-functions {\"declared\":true,\"installed\":true,\"version\":\"3.11.0\",\"resolution\":\"D:\\\\Other Projects\\\\React projects\\\\amazon-clone\\\\functions\\\\node_modules\\\\firebase-functions\\\\lib\\\\index.js\"}"}}
[debug] [2020-09-11T17:59:16.357Z] [runtime-status] [11540] Resolved module firebase-functions {"declared":true,"installed":true,"version":"3.11.0","resolution":"D:\\Other Projects\\React projects\\amazon-clone\\functions\\node_modules\\firebase-functions\\lib\\index.js"} {"metadata":{"emulator":{"name":"functions"},"message":"[runtime-status] [11540] Resolved module firebase-functions {\"declared\":true,\"installed\":true,\"version\":\"3.11.0\",\"resolution\":\"D:\\\\Other Projects\\\\React projects\\\\amazon-clone\\\\functions\\\\node_modules\\\\firebase-functions\\\\lib\\\\index.js\"}"}}
[debug] [2020-09-11T17:59:16.363Z] [runtime-status] [11540] Outgoing network have been stubbed. [{"name":"http","status":"mocked"},{"name":"http","status":"mocked"},{"name":"https","status":"mocked"},{"name":"https","status":"mocked"},{"name":"net","status":"mocked"}] {"metadata":{"emulator":{"name":"functions"},"message":"[runtime-status] [11540] Outgoing network have been stubbed. [{\"name\":\"http\",\"status\":\"mocked\"},{\"name\":\"http\",\"status\":\"mocked\"},{\"name\":\"https\",\"status\":\"mocked\"},{\"name\":\"https\",\"status\":\"mocked\"},{\"name\":\"net\",\"status\":\"mocked\"}]"}}
[debug] [2020-09-11T17:59:16.364Z] [runtime-status] [11540] Resolved module firebase-functions {"declared":true,"installed":true,"version":"3.11.0","resolution":"D:\\Other Projects\\React projects\\amazon-clone\\functions\\node_modules\\firebase-functions\\lib\\index.js"} {"metadata":{"emulator":{"name":"functions"},"message":"[runtime-status] [11540] Resolved module firebase-functions {\"declared\":true,\"installed\":true,\"version\":\"3.11.0\",\"resolution\":\"D:\\\\Other Projects\\\\React projects\\\\amazon-clone\\\\functions\\\\node_modules\\\\firebase-functions\\\\lib\\\\index.js\"}"}}
[debug] [2020-09-11T17:59:16.533Z] [runtime-status] [11540] Checked functions.config() {"config":{}} {"metadata":{"emulator":{"name":"functions"},"message":"[runtime-status] [11540] Checked functions.config() {\"config\":{}}"}}
[debug] [2020-09-11T17:59:16.534Z] [runtime-status] [11540] firebase-functions has been stubbed. {"functionsResolution":{"declared":true,"installed":true,"version":"3.11.0","resolution":"D:\\Other Projects\\React projects\\amazon-clone\\functions\\node_modules\\firebase-functions\\lib\\index.js"}} {"metadata":{"emulator":{"name":"functions"},"message":"[runtime-status] [11540] firebase-functions has been stubbed. {\"functionsResolution\":{\"declared\":true,\"installed\":true,\"version\":\"3.11.0\",\"resolution\":\"D:\\\\Other Projects\\\\React projects\\\\amazon-clone\\\\functions\\\\node_modules\\\\firebase-functions\\\\lib\\\\index.js\"}}"}}
[debug] [2020-09-11T17:59:16.540Z] [runtime-status] [11540] Resolved module firebase-functions {"declared":true,"installed":true,"version":"3.11.0","resolution":"D:\\Other Projects\\React projects\\amazon-clone\\functions\\node_modules\\firebase-functions\\lib\\index.js"} {"metadata":{"emulator":{"name":"functions"},"message":"[runtime-status] [11540] Resolved module firebase-functions {\"declared\":true,\"installed\":true,\"version\":\"3.11.0\",\"resolution\":\"D:\\\\Other Projects\\\\React projects\\\\amazon-clone\\\\functions\\\\node_modules\\\\firebase-functions\\\\lib\\\\index.js\"}"}}
[debug] [2020-09-11T17:59:16.547Z] [runtime-status] [11540] Resolved module firebase-admin {"declared":true,"installed":true,"version":"8.13.0","resolution":"D:\\Other Projects\\React projects\\amazon-clone\\functions\\node_modules\\firebase-admin\\lib\\index.js"} {"metadata":{"emulator":{"name":"functions"},"message":"[runtime-status] [11540] Resolved module firebase-admin {\"declared\":true,\"installed\":true,\"version\":\"8.13.0\",\"resolution\":\"D:\\\\Other Projects\\\\React projects\\\\amazon-clone\\\\functions\\\\node_modules\\\\firebase-admin\\\\lib\\\\index.js\"}"}}
[debug] [2020-09-11T17:59:16.549Z] [runtime-status] [11540] Resolved module firebase-functions {"declared":true,"installed":true,"version":"3.11.0","resolution":"D:\\Other Projects\\React projects\\amazon-clone\\functions\\node_modules\\firebase-functions\\lib\\index.js"} {"metadata":{"emulator":{"name":"functions"},"message":"[runtime-status] [11540] Resolved module firebase-functions {\"declared\":true,\"installed\":true,\"version\":\"3.11.0\",\"resolution\":\"D:\\\\Other Projects\\\\React projects\\\\amazon-clone\\\\functions\\\\node_modules\\\\firebase-functions\\\\lib\\\\index.js\"}"}}
[debug] [2020-09-11T17:59:16.551Z] [runtime-status] [11540] firebase-admin has been stubbed. {"adminResolution":{"declared":true,"installed":true,"version":"8.13.0","resolution":"D:\\Other Projects\\React projects\\amazon-clone\\functions\\node_modules\\firebase-admin\\lib\\index.js"}} {"metadata":{"emulator":{"name":"functions"},"message":"[runtime-status] [11540] firebase-admin has been stubbed. {\"adminResolution\":{\"declared\":true,\"installed\":true,\"version\":\"8.13.0\",\"resolution\":\"D:\\\\Other Projects\\\\React projects\\\\amazon-clone\\\\functions\\\\node_modules\\\\firebase-admin\\\\lib\\\\index.js\"}}"}}
[debug] [2020-09-11T17:59:20.236Z] [worker-~diagnostic~-f92c1061-ec37-4f3f-857f-991a3ce2fbdd]: IDLE {"metadata":{"emulator":{"name":"functions"},"message":"[worker-~diagnostic~-f92c1061-ec37-4f3f-857f-991a3ce2fbdd]: IDLE"}}
[debug] [2020-09-11T18:07:04.440Z] File D:\Other Projects\React projects\amazon-clone\functions\index.js changed, reloading triggers {"metadata":{"emulator":{"name":"functions"},"message":"File D:\\Other Projects\\React projects\\amazon-clone\\functions\\index.js changed, reloading triggers"}}
[debug] [2020-09-11T18:07:05.452Z] [worker-pool] Shutting down IDLE worker (~diagnostic~) {"metadata":{"emulator":{"name":"functions"},"message":"[worker-pool] Shutting down IDLE worker (~diagnostic~)"}}
[debug] [2020-09-11T18:07:05.453Z] [worker-~diagnostic~-f92c1061-ec37-4f3f-857f-991a3ce2fbdd]: FINISHING {"metadata":{"emulator":{"name":"functions"},"message":"[worker-~diagnostic~-f92c1061-ec37-4f3f-857f-991a3ce2fbdd]: FINISHING"}}
[debug] [2020-09-11T18:07:05.455Z] [worker-pool] Cleaned up workers for ~diagnostic~: 2 --> 1 {"metadata":{"emulator":{"name":"functions"},"message":"[worker-pool] Cleaned up workers for ~diagnostic~: 2 --> 1"}}
[debug] [2020-09-11T18:07:05.456Z] [worker-pool] Cleaned up workers for api: 1 --> 0 {"metadata":{"emulator":{"name":"functions"},"message":"[worker-pool] Cleaned up workers for api: 1 --> 0"}}
[debug] [2020-09-11T18:07:05.752Z] [worker-pool] addWorker(~diagnostic~) {"metadata":{"emulator":{"name":"functions"},"message":"[worker-pool] addWorker(~diagnostic~)"}}
[debug] [2020-09-11T18:07:05.753Z] [worker-pool] Adding worker with key ~diagnostic~, total=2 {"metadata":{"emulator":{"name":"functions"},"message":"[worker-pool] Adding worker with key ~diagnostic~, total=2"}}
[debug] [2020-09-11T18:07:05.753Z] [worker-pool] submitWork(triggerId=) {"metadata":{"emulator":{"name":"functions"},"message":"[worker-pool] submitWork(triggerId=)"}}
[debug] [2020-09-11T18:07:05.753Z] [worker-~diagnostic~-3721928d-625e-448c-b565-caeeab90c6c2]: Assigning socketPath: \\?\pipe\D:\Other Projects\React projects\amazon-clone\functions\9516 {"metadata":{"emulator":{"name":"functions"},"message":"[worker-~diagnostic~-3721928d-625e-448c-b565-caeeab90c6c2]: Assigning socketPath: \\\\?\\pipe\\D:\\Other Projects\\React projects\\amazon-clone\\functions\\9516"}}
[debug] [2020-09-11T18:07:05.753Z] [worker-~diagnostic~-3721928d-625e-448c-b565-caeeab90c6c2]: BUSY {"metadata":{"emulator":{"name":"functions"},"message":"[worker-~diagnostic~-3721928d-625e-448c-b565-caeeab90c6c2]: BUSY"}}
[debug] [2020-09-11T18:07:05.754Z] [worker-~diagnostic~-f92c1061-ec37-4f3f-857f-991a3ce2fbdd]: exited {"metadata":{"emulator":{"name":"functions"},"message":"[worker-~diagnostic~-f92c1061-ec37-4f3f-857f-991a3ce2fbdd]: exited"}}
[debug] [2020-09-11T18:07:05.755Z] [worker-~diagnostic~-f92c1061-ec37-4f3f-857f-991a3ce2fbdd]: FINISHED {"metadata":{"emulator":{"name":"functions"},"message":"[worker-~diagnostic~-f92c1061-ec37-4f3f-857f-991a3ce2fbdd]: FINISHED"}}
[debug] [2020-09-11T18:07:16.141Z] [runtime-status] [9516] Functions runtime initialized. {"cwd":"D:\\Other Projects\\React projects\\amazon-clone\\functions","node_version":"12.18.3"} {"metadata":{"emulator":{"name":"functions"},"message":"[runtime-status] [9516] Functions runtime initialized. {\"cwd\":\"D:\\\\Other Projects\\\\React projects\\\\amazon-clone\\\\functions\",\"node_version\":\"12.18.3\"}"}}
[debug] [2020-09-11T18:07:16.145Z] [runtime-status] [9516] Disabled runtime features: undefined {"metadata":{"emulator":{"name":"functions"},"message":"[runtime-status] [9516] Disabled runtime features: undefined"}}
[debug] [2020-09-11T18:07:16.173Z] [runtime-status] [9516] Resolved module firebase-admin {"declared":true,"installed":true,"version":"8.13.0","resolution":"D:\\Other Projects\\React projects\\amazon-clone\\functions\\node_modules\\firebase-admin\\lib\\index.js"} {"metadata":{"emulator":{"name":"functions"},"message":"[runtime-status] [9516] Resolved module firebase-admin {\"declared\":true,\"installed\":true,\"version\":\"8.13.0\",\"resolution\":\"D:\\\\Other Projects\\\\React projects\\\\amazon-clone\\\\functions\\\\node_modules\\\\firebase-admin\\\\lib\\\\index.js\"}"}}
[debug] [2020-09-11T18:07:16.181Z] [runtime-status] [9516] Resolved module firebase-functions {"declared":true,"installed":true,"version":"3.11.0","resolution":"D:\\Other Projects\\React projects\\amazon-clone\\functions\\node_modules\\firebase-functions\\lib\\index.js"} {"metadata":{"emulator":{"name":"functions"},"message":"[runtime-status] [9516] Resolved module firebase-functions {\"declared\":true,\"installed\":true,\"version\":\"3.11.0\",\"resolution\":\"D:\\\\Other Projects\\\\React projects\\\\amazon-clone\\\\functions\\\\node_modules\\\\firebase-functions\\\\lib\\\\index.js\"}"}}
[debug] [2020-09-11T18:07:16.182Z] [runtime-status] [9516] Resolved module firebase-functions {"declared":true,"installed":true,"version":"3.11.0","resolution":"D:\\Other Projects\\React projects\\amazon-clone\\functions\\node_modules\\firebase-functions\\lib\\index.js"} {"metadata":{"emulator":{"name":"functions"},"message":"[runtime-status] [9516] Resolved module firebase-functions {\"declared\":true,\"installed\":true,\"version\":\"3.11.0\",\"resolution\":\"D:\\\\Other Projects\\\\React projects\\\\amazon-clone\\\\functions\\\\node_modules\\\\firebase-functions\\\\lib\\\\index.js\"}"}}
[debug] [2020-09-11T18:07:16.184Z] [runtime-status] [9516] Outgoing network have been stubbed. [{"name":"http","status":"mocked"},{"name":"http","status":"mocked"},{"name":"https","status":"mocked"},{"name":"https","status":"mocked"},{"name":"net","status":"mocked"}] {"metadata":{"emulator":{"name":"functions"},"message":"[runtime-status] [9516] Outgoing network have been stubbed. [{\"name\":\"http\",\"status\":\"mocked\"},{\"name\":\"http\",\"status\":\"mocked\"},{\"name\":\"https\",\"status\":\"mocked\"},{\"name\":\"https\",\"status\":\"mocked\"},{\"name\":\"net\",\"status\":\"mocked\"}]"}}
[debug] [2020-09-11T18:07:16.185Z] [runtime-status] [9516] Resolved module firebase-functions {"declared":true,"installed":true,"version":"3.11.0","resolution":"D:\\Other Projects\\React projects\\amazon-clone\\functions\\node_modules\\firebase-functions\\lib\\index.js"} {"metadata":{"emulator":{"name":"functions"},"message":"[runtime-status] [9516] Resolved module firebase-functions {\"declared\":true,\"installed\":true,\"version\":\"3.11.0\",\"resolution\":\"D:\\\\Other Projects\\\\React projects\\\\amazon-clone\\\\functions\\\\node_modules\\\\firebase-functions\\\\lib\\\\index.js\"}"}}
[debug] [2020-09-11T18:07:17.891Z] [runtime-status] [9516] Checked functions.config() {"config":{}} {"metadata":{"emulator":{"name":"functions"},"message":"[runtime-status] [9516] Checked functions.config() {\"config\":{}}"}}
[debug] [2020-09-11T18:07:17.892Z] [runtime-status] [9516] firebase-functions has been stubbed. {"functionsResolution":{"declared":true,"installed":true,"version":"3.11.0","resolution":"D:\\Other Projects\\React projects\\amazon-clone\\functions\\node_modules\\firebase-functions\\lib\\index.js"}} {"metadata":{"emulator":{"name":"functions"},"message":"[runtime-status] [9516] firebase-functions has been stubbed. {\"functionsResolution\":{\"declared\":true,\"installed\":true,\"version\":\"3.11.0\",\"resolution\":\"D:\\\\Other Projects\\\\React projects\\\\amazon-clone\\\\functions\\\\node_modules\\\\firebase-functions\\\\lib\\\\index.js\"}}"}}
[debug] [2020-09-11T18:07:17.893Z] [runtime-status] [9516] Resolved module firebase-functions {"declared":true,"installed":true,"version":"3.11.0","resolution":"D:\\Other Projects\\React projects\\amazon-clone\\functions\\node_modules\\firebase-functions\\lib\\index.js"} {"metadata":{"emulator":{"name":"functions"},"message":"[runtime-status] [9516] Resolved module firebase-functions {\"declared\":true,\"installed\":true,\"version\":\"3.11.0\",\"resolution\":\"D:\\\\Other Projects\\\\React projects\\\\amazon-clone\\\\functions\\\\node_modules\\\\firebase-functions\\\\lib\\\\index.js\"}"}}
[debug] [2020-09-11T18:07:17.895Z] [runtime-status] [9516] Resolved module firebase-admin {"declared":true,"installed":true,"version":"8.13.0","resolution":"D:\\Other Projects\\React projects\\amazon-clone\\functions\\node_modules\\firebase-admin\\lib\\index.js"} {"metadata":{"emulator":{"name":"functions"},"message":"[runtime-status] [9516] Resolved module firebase-admin {\"declared\":true,\"installed\":true,\"version\":\"8.13.0\",\"resolution\":\"D:\\\\Other Projects\\\\React projects\\\\amazon-clone\\\\functions\\\\node_modules\\\\firebase-admin\\\\lib\\\\index.js\"}"}}
[debug] [2020-09-11T18:07:17.895Z] [runtime-status] [9516] Resolved module firebase-functions {"declared":true,"installed":true,"version":"3.11.0","resolution":"D:\\Other Projects\\React projects\\amazon-clone\\functions\\node_modules\\firebase-functions\\lib\\index.js"} {"metadata":{"emulator":{"name":"functions"},"message":"[runtime-status] [9516] Resolved module firebase-functions {\"declared\":true,\"installed\":true,\"version\":\"3.11.0\",\"resolution\":\"D:\\\\Other Projects\\\\React projects\\\\amazon-clone\\\\functions\\\\node_modules\\\\firebase-functions\\\\lib\\\\index.js\"}"}}
[debug] [2020-09-11T18:07:17.896Z] [runtime-status] [9516] firebase-admin has been stubbed. {"adminResolution":{"declared":true,"installed":true,"version":"8.13.0","resolution":"D:\\Other Projects\\React projects\\amazon-clone\\functions\\node_modules\\firebase-admin\\lib\\index.js"}} {"metadata":{"emulator":{"name":"functions"},"message":"[runtime-status] [9516] firebase-admin has been stubbed. {\"adminResolution\":{\"declared\":true,\"installed\":true,\"version\":\"8.13.0\",\"resolution\":\"D:\\\\Other Projects\\\\React projects\\\\amazon-clone\\\\functions\\\\node_modules\\\\firebase-admin\\\\lib\\\\index.js\"}}"}}
[debug] [2020-09-11T18:07:20.070Z] [worker-~diagnostic~-3721928d-625e-448c-b565-caeeab90c6c2]: IDLE {"metadata":{"emulator":{"name":"functions"},"message":"[worker-~diagnostic~-3721928d-625e-448c-b565-caeeab90c6c2]: IDLE"}}
[debug] [2020-09-11T18:08:46.151Z] File D:\Other Projects\React projects\amazon-clone\functions\index.js changed, reloading triggers {"metadata":{"emulator":{"name":"functions"},"message":"File D:\\Other Projects\\React projects\\amazon-clone\\functions\\index.js changed, reloading triggers"}}
[debug] [2020-09-11T18:08:47.156Z] [worker-pool] Shutting down IDLE worker (~diagnostic~) {"metadata":{"emulator":{"name":"functions"},"message":"[worker-pool] Shutting down IDLE worker (~diagnostic~)"}}
[debug] [2020-09-11T18:08:47.157Z] [worker-~diagnostic~-3721928d-625e-448c-b565-caeeab90c6c2]: FINISHING {"metadata":{"emulator":{"name":"functions"},"message":"[worker-~diagnostic~-3721928d-625e-448c-b565-caeeab90c6c2]: FINISHING"}}
[debug] [2020-09-11T18:08:47.160Z] [worker-pool] Cleaned up workers for ~diagnostic~: 2 --> 1 {"metadata":{"emulator":{"name":"functions"},"message":"[worker-pool] Cleaned up workers for ~diagnostic~: 2 --> 1"}}
[debug] [2020-09-11T18:08:47.217Z] [worker-pool] addWorker(~diagnostic~) {"metadata":{"emulator":{"name":"functions"},"message":"[worker-pool] addWorker(~diagnostic~)"}}
[debug] [2020-09-11T18:08:47.217Z] [worker-pool] Adding worker with key ~diagnostic~, total=2 {"metadata":{"emulator":{"name":"functions"},"message":"[worker-pool] Adding worker with key ~diagnostic~, total=2"}}
[debug] [2020-09-11T18:08:47.218Z] [worker-pool] submitWork(triggerId=) {"metadata":{"emulator":{"name":"functions"},"message":"[worker-pool] submitWork(triggerId=)"}}
[debug] [2020-09-11T18:08:47.218Z] [worker-~diagnostic~-2bef30a1-2798-4034-9559-ae303349b90a]: Assigning socketPath: \\?\pipe\D:\Other Projects\React projects\amazon-clone\functions\13848 {"metadata":{"emulator":{"name":"functions"},"message":"[worker-~diagnostic~-2bef30a1-2798-4034-9559-ae303349b90a]: Assigning socketPath: \\\\?\\pipe\\D:\\Other Projects\\React projects\\amazon-clone\\functions\\13848"}}
[debug] [2020-09-11T18:08:47.218Z] [worker-~diagnostic~-2bef30a1-2798-4034-9559-ae303349b90a]: BUSY {"metadata":{"emulator":{"name":"functions"},"message":"[worker-~diagnostic~-2bef30a1-2798-4034-9559-ae303349b90a]: BUSY"}}
[debug] [2020-09-11T18:08:47.219Z] [worker-~diagnostic~-3721928d-625e-448c-b565-caeeab90c6c2]: exited {"metadata":{"emulator":{"name":"functions"},"message":"[worker-~diagnostic~-3721928d-625e-448c-b565-caeeab90c6c2]: exited"}}
[debug] [2020-09-11T18:08:47.219Z] [worker-~diagnostic~-3721928d-625e-448c-b565-caeeab90c6c2]: FINISHED {"metadata":{"emulator":{"name":"functions"},"message":"[worker-~diagnostic~-3721928d-625e-448c-b565-caeeab90c6c2]: FINISHED"}}
[debug] [2020-09-11T18:08:48.856Z] [runtime-status] [13848] Functions runtime initialized. {"cwd":"D:\\Other Projects\\React projects\\amazon-clone\\functions","node_version":"12.18.3"} {"metadata":{"emulator":{"name":"functions"},"message":"[runtime-status] [13848] Functions runtime initialized. {\"cwd\":\"D:\\\\Other Projects\\\\React projects\\\\amazon-clone\\\\functions\",\"node_version\":\"12.18.3\"}"}}
[debug] [2020-09-11T18:08:48.865Z] [runtime-status] [13848] Disabled runtime features: undefined {"metadata":{"emulator":{"name":"functions"},"message":"[runtime-status] [13848] Disabled runtime features: undefined"}}
[debug] [2020-09-11T18:08:48.886Z] [runtime-status] [13848] Resolved module firebase-admin {"declared":true,"installed":true,"version":"8.13.0","resolution":"D:\\Other Projects\\React projects\\amazon-clone\\functions\\node_modules\\firebase-admin\\lib\\index.js"} {"metadata":{"emulator":{"name":"functions"},"message":"[runtime-status] [13848] Resolved module firebase-admin {\"declared\":true,\"installed\":true,\"version\":\"8.13.0\",\"resolution\":\"D:\\\\Other Projects\\\\React projects\\\\amazon-clone\\\\functions\\\\node_modules\\\\firebase-admin\\\\lib\\\\index.js\"}"}}
[debug] [2020-09-11T18:08:48.900Z] [runtime-status] [13848] Resolved module firebase-functions {"declared":true,"installed":true,"version":"3.11.0","resolution":"D:\\Other Projects\\React projects\\amazon-clone\\functions\\node_modules\\firebase-functions\\lib\\index.js"} {"metadata":{"emulator":{"name":"functions"},"message":"[runtime-status] [13848] Resolved module firebase-functions {\"declared\":true,\"installed\":true,\"version\":\"3.11.0\",\"resolution\":\"D:\\\\Other Projects\\\\React projects\\\\amazon-clone\\\\functions\\\\node_modules\\\\firebase-functions\\\\lib\\\\index.js\"}"}}
[debug] [2020-09-11T18:08:48.903Z] [runtime-status] [13848] Resolved module firebase-functions {"declared":true,"installed":true,"version":"3.11.0","resolution":"D:\\Other Projects\\React projects\\amazon-clone\\functions\\node_modules\\firebase-functions\\lib\\index.js"} {"metadata":{"emulator":{"name":"functions"},"message":"[runtime-status] [13848] Resolved module firebase-functions {\"declared\":true,\"installed\":true,\"version\":\"3.11.0\",\"resolution\":\"D:\\\\Other Projects\\\\React projects\\\\amazon-clone\\\\functions\\\\node_modules\\\\firebase-functions\\\\lib\\\\index.js\"}"}}
[debug] [2020-09-11T18:08:48.913Z] [runtime-status] [13848] Outgoing network have been stubbed. [{"name":"http","status":"mocked"},{"name":"http","status":"mocked"},{"name":"https","status":"mocked"},{"name":"https","status":"mocked"},{"name":"net","status":"mocked"}] {"metadata":{"emulator":{"name":"functions"},"message":"[runtime-status] [13848] Outgoing network have been stubbed. [{\"name\":\"http\",\"status\":\"mocked\"},{\"name\":\"http\",\"status\":\"mocked\"},{\"name\":\"https\",\"status\":\"mocked\"},{\"name\":\"https\",\"status\":\"mocked\"},{\"name\":\"net\",\"status\":\"mocked\"}]"}}
[debug] [2020-09-11T18:08:48.917Z] [runtime-status] [13848] Resolved module firebase-functions {"declared":true,"installed":true,"version":"3.11.0","resolution":"D:\\Other Projects\\React projects\\amazon-clone\\functions\\node_modules\\firebase-functions\\lib\\index.js"} {"metadata":{"emulator":{"name":"functions"},"message":"[runtime-status] [13848] Resolved module firebase-functions {\"declared\":true,\"installed\":true,\"version\":\"3.11.0\",\"resolution\":\"D:\\\\Other Projects\\\\React projects\\\\amazon-clone\\\\functions\\\\node_modules\\\\firebase-functions\\\\lib\\\\index.js\"}"}}
[debug] [2020-09-11T18:08:49.082Z] [runtime-status] [13848] Checked functions.config() {"config":{}} {"metadata":{"emulator":{"name":"functions"},"message":"[runtime-status] [13848] Checked functions.config() {\"config\":{}}"}}
[debug] [2020-09-11T18:08:49.083Z] [runtime-status] [13848] firebase-functions has been stubbed. {"functionsResolution":{"declared":true,"installed":true,"version":"3.11.0","resolution":"D:\\Other Projects\\React projects\\amazon-clone\\functions\\node_modules\\firebase-functions\\lib\\index.js"}} {"metadata":{"emulator":{"name":"functions"},"message":"[runtime-status] [13848] firebase-functions has been stubbed. {\"functionsResolution\":{\"declared\":true,\"installed\":true,\"version\":\"3.11.0\",\"resolution\":\"D:\\\\Other Projects\\\\React projects\\\\amazon-clone\\\\functions\\\\node_modules\\\\firebase-functions\\\\lib\\\\index.js\"}}"}}
[debug] [2020-09-11T18:08:49.084Z] [runtime-status] [13848] Resolved module firebase-functions {"declared":true,"installed":true,"version":"3.11.0","resolution":"D:\\Other Projects\\React projects\\amazon-clone\\functions\\node_modules\\firebase-functions\\lib\\index.js"} {"metadata":{"emulator":{"name":"functions"},"message":"[runtime-status] [13848] Resolved module firebase-functions {\"declared\":true,\"installed\":true,\"version\":\"3.11.0\",\"resolution\":\"D:\\\\Other Projects\\\\React projects\\\\amazon-clone\\\\functions\\\\node_modules\\\\firebase-functions\\\\lib\\\\index.js\"}"}}
[debug] [2020-09-11T18:08:49.087Z] [runtime-status] [13848] Resolved module firebase-admin {"declared":true,"installed":true,"version":"8.13.0","resolution":"D:\\Other Projects\\React projects\\amazon-clone\\functions\\node_modules\\firebase-admin\\lib\\index.js"} {"metadata":{"emulator":{"name":"functions"},"message":"[runtime-status] [13848] Resolved module firebase-admin {\"declared\":true,\"installed\":true,\"version\":\"8.13.0\",\"resolution\":\"D:\\\\Other Projects\\\\React projects\\\\amazon-clone\\\\functions\\\\node_modules\\\\firebase-admin\\\\lib\\\\index.js\"}"}}
[debug] [2020-09-11T18:08:49.088Z] [runtime-status] [13848] Resolved module firebase-functions {"declared":true,"installed":true,"version":"3.11.0","resolution":"D:\\Other Projects\\React projects\\amazon-clone\\functions\\node_modules\\firebase-functions\\lib\\index.js"} {"metadata":{"emulator":{"name":"functions"},"message":"[runtime-status] [13848] Resolved module firebase-functions {\"declared\":true,\"installed\":true,\"version\":\"3.11.0\",\"resolution\":\"D:\\\\Other Projects\\\\React projects\\\\amazon-clone\\\\functions\\\\node_modules\\\\firebase-functions\\\\lib\\\\index.js\"}"}}
[debug] [2020-09-11T18:08:49.088Z] [runtime-status] [13848] firebase-admin has been stubbed. {"adminResolution":{"declared":true,"installed":true,"version":"8.13.0","resolution":"D:\\Other Projects\\React projects\\amazon-clone\\functions\\node_modules\\firebase-admin\\lib\\index.js"}} {"metadata":{"emulator":{"name":"functions"},"message":"[runtime-status] [13848] firebase-admin has been stubbed. {\"adminResolution\":{\"declared\":true,\"installed\":true,\"version\":\"8.13.0\",\"resolution\":\"D:\\\\Other Projects\\\\React projects\\\\amazon-clone\\\\functions\\\\node_modules\\\\firebase-admin\\\\lib\\\\index.js\"}}"}}
[debug] [2020-09-11T18:08:49.469Z] [worker-~diagnostic~-2bef30a1-2798-4034-9559-ae303349b90a]: IDLE {"metadata":{"emulator":{"name":"functions"},"message":"[worker-~diagnostic~-2bef30a1-2798-4034-9559-ae303349b90a]: IDLE"}}
[debug] [2020-09-11T18:08:53.249Z] File D:\Other Projects\React projects\amazon-clone\functions\index.js changed, reloading triggers {"metadata":{"emulator":{"name":"functions"},"message":"File D:\\Other Projects\\React projects\\amazon-clone\\functions\\index.js changed, reloading triggers"}}
[debug] [2020-09-11T18:08:54.256Z] [worker-pool] Shutting down IDLE worker (~diagnostic~) {"metadata":{"emulator":{"name":"functions"},"message":"[worker-pool] Shutting down IDLE worker (~diagnostic~)"}}
[debug] [2020-09-11T18:08:54.256Z] [worker-~diagnostic~-2bef30a1-2798-4034-9559-ae303349b90a]: FINISHING {"metadata":{"emulator":{"name":"functions"},"message":"[worker-~diagnostic~-2bef30a1-2798-4034-9559-ae303349b90a]: FINISHING"}}
[debug] [2020-09-11T18:08:54.257Z] [worker-pool] Cleaned up workers for ~diagnostic~: 2 --> 1 {"metadata":{"emulator":{"name":"functions"},"message":"[worker-pool] Cleaned up workers for ~diagnostic~: 2 --> 1"}}
[debug] [2020-09-11T18:08:54.323Z] [worker-pool] addWorker(~diagnostic~) {"metadata":{"emulator":{"name":"functions"},"message":"[worker-pool] addWorker(~diagnostic~)"}}
[debug] [2020-09-11T18:08:54.323Z] [worker-pool] Adding worker with key ~diagnostic~, total=2 {"metadata":{"emulator":{"name":"functions"},"message":"[worker-pool] Adding worker with key ~diagnostic~, total=2"}}
[debug] [2020-09-11T18:08:54.323Z] [worker-pool] submitWork(triggerId=) {"metadata":{"emulator":{"name":"functions"},"message":"[worker-pool] submitWork(triggerId=)"}}
[debug] [2020-09-11T18:08:54.324Z] [worker-~diagnostic~-47474e12-98eb-45ba-bc7b-d60de4ce2eaf]: Assigning socketPath: \\?\pipe\D:\Other Projects\React projects\amazon-clone\functions\15324 {"metadata":{"emulator":{"name":"functions"},"message":"[worker-~diagnostic~-47474e12-98eb-45ba-bc7b-d60de4ce2eaf]: Assigning socketPath: \\\\?\\pipe\\D:\\Other Projects\\React projects\\amazon-clone\\functions\\15324"}}
[debug] [2020-09-11T18:08:54.324Z] [worker-~diagnostic~-47474e12-98eb-45ba-bc7b-d60de4ce2eaf]: BUSY {"metadata":{"emulator":{"name":"functions"},"message":"[worker-~diagnostic~-47474e12-98eb-45ba-bc7b-d60de4ce2eaf]: BUSY"}}
[debug] [2020-09-11T18:08:54.325Z] [worker-~diagnostic~-2bef30a1-2798-4034-9559-ae303349b90a]: exited {"metadata":{"emulator":{"name":"functions"},"message":"[worker-~diagnostic~-2bef30a1-2798-4034-9559-ae303349b90a]: exited"}}
[debug] [2020-09-11T18:08:54.325Z] [worker-~diagnostic~-2bef30a1-2798-4034-9559-ae303349b90a]: FINISHED {"metadata":{"emulator":{"name":"functions"},"message":"[worker-~diagnostic~-2bef30a1-2798-4034-9559-ae303349b90a]: FINISHED"}}
[debug] [2020-09-11T18:08:55.982Z] [runtime-status] [15324] Functions runtime initialized. {"cwd":"D:\\Other Projects\\React projects\\amazon-clone\\functions","node_version":"12.18.3"} {"metadata":{"emulator":{"name":"functions"},"message":"[runtime-status] [15324] Functions runtime initialized. {\"cwd\":\"D:\\\\Other Projects\\\\React projects\\\\amazon-clone\\\\functions\",\"node_version\":\"12.18.3\"}"}}
[debug] [2020-09-11T18:08:55.993Z] [runtime-status] [15324] Disabled runtime features: undefined {"metadata":{"emulator":{"name":"functions"},"message":"[runtime-status] [15324] Disabled runtime features: undefined"}}
[debug] [2020-09-11T18:08:56.015Z] [runtime-status] [15324] Resolved module firebase-admin {"declared":true,"installed":true,"version":"8.13.0","resolution":"D:\\Other Projects\\React projects\\amazon-clone\\functions\\node_modules\\firebase-admin\\lib\\index.js"} {"metadata":{"emulator":{"name":"functions"},"message":"[runtime-status] [15324] Resolved module firebase-admin {\"declared\":true,\"installed\":true,\"version\":\"8.13.0\",\"resolution\":\"D:\\\\Other Projects\\\\React projects\\\\amazon-clone\\\\functions\\\\node_modules\\\\firebase-admin\\\\lib\\\\index.js\"}"}}
[debug] [2020-09-11T18:08:56.021Z] [runtime-status] [15324] Resolved module firebase-functions {"declared":true,"installed":true,"version":"3.11.0","resolution":"D:\\Other Projects\\React projects\\amazon-clone\\functions\\node_modules\\firebase-functions\\lib\\index.js"} {"metadata":{"emulator":{"name":"functions"},"message":"[runtime-status] [15324] Resolved module firebase-functions {\"declared\":true,\"installed\":true,\"version\":\"3.11.0\",\"resolution\":\"D:\\\\Other Projects\\\\React projects\\\\amazon-clone\\\\functions\\\\node_modules\\\\firebase-functions\\\\lib\\\\index.js\"}"}}
[debug] [2020-09-11T18:08:56.022Z] [runtime-status] [15324] Resolved module firebase-functions {"declared":true,"installed":true,"version":"3.11.0","resolution":"D:\\Other Projects\\React projects\\amazon-clone\\functions\\node_modules\\firebase-functions\\lib\\index.js"} {"metadata":{"emulator":{"name":"functions"},"message":"[runtime-status] [15324] Resolved module firebase-functions {\"declared\":true,\"installed\":true,\"version\":\"3.11.0\",\"resolution\":\"D:\\\\Other Projects\\\\React projects\\\\amazon-clone\\\\functions\\\\node_modules\\\\firebase-functions\\\\lib\\\\index.js\"}"}}
[debug] [2020-09-11T18:08:56.025Z] [runtime-status] [15324] Outgoing network have been stubbed. [{"name":"http","status":"mocked"},{"name":"http","status":"mocked"},{"name":"https","status":"mocked"},{"name":"https","status":"mocked"},{"name":"net","status":"mocked"}] {"metadata":{"emulator":{"name":"functions"},"message":"[runtime-status] [15324] Outgoing network have been stubbed. [{\"name\":\"http\",\"status\":\"mocked\"},{\"name\":\"http\",\"status\":\"mocked\"},{\"name\":\"https\",\"status\":\"mocked\"},{\"name\":\"https\",\"status\":\"mocked\"},{\"name\":\"net\",\"status\":\"mocked\"}]"}}
[debug] [2020-09-11T18:08:56.026Z] [runtime-status] [15324] Resolved module firebase-functions {"declared":true,"installed":true,"version":"3.11.0","resolution":"D:\\Other Projects\\React projects\\amazon-clone\\functions\\node_modules\\firebase-functions\\lib\\index.js"} {"metadata":{"emulator":{"name":"functions"},"message":"[runtime-status] [15324] Resolved module firebase-functions {\"declared\":true,\"installed\":true,\"version\":\"3.11.0\",\"resolution\":\"D:\\\\Other Projects\\\\React projects\\\\amazon-clone\\\\functions\\\\node_modules\\\\firebase-functions\\\\lib\\\\index.js\"}"}}
[debug] [2020-09-11T18:08:56.120Z] [runtime-status] [15324] Checked functions.config() {"config":{}} {"metadata":{"emulator":{"name":"functions"},"message":"[runtime-status] [15324] Checked functions.config() {\"config\":{}}"}}
[debug] [2020-09-11T18:08:56.121Z] [runtime-status] [15324] firebase-functions has been stubbed. {"functionsResolution":{"declared":true,"installed":true,"version":"3.11.0","resolution":"D:\\Other Projects\\React projects\\amazon-clone\\functions\\node_modules\\firebase-functions\\lib\\index.js"}} {"metadata":{"emulator":{"name":"functions"},"message":"[runtime-status] [15324] firebase-functions has been stubbed. {\"functionsResolution\":{\"declared\":true,\"installed\":true,\"version\":\"3.11.0\",\"resolution\":\"D:\\\\Other Projects\\\\React projects\\\\amazon-clone\\\\functions\\\\node_modules\\\\firebase-functions\\\\lib\\\\index.js\"}}"}}
[debug] [2020-09-11T18:08:56.122Z] [runtime-status] [15324] Resolved module firebase-functions {"declared":true,"installed":true,"version":"3.11.0","resolution":"D:\\Other Projects\\React projects\\amazon-clone\\functions\\node_modules\\firebase-functions\\lib\\index.js"} {"metadata":{"emulator":{"name":"functions"},"message":"[runtime-status] [15324] Resolved module firebase-functions {\"declared\":true,\"installed\":true,\"version\":\"3.11.0\",\"resolution\":\"D:\\\\Other Projects\\\\React projects\\\\amazon-clone\\\\functions\\\\node_modules\\\\firebase-functions\\\\lib\\\\index.js\"}"}}
[debug] [2020-09-11T18:08:56.125Z] [runtime-status] [15324] Resolved module firebase-admin {"declared":true,"installed":true,"version":"8.13.0","resolution":"D:\\Other Projects\\React projects\\amazon-clone\\functions\\node_modules\\firebase-admin\\lib\\index.js"} {"metadata":{"emulator":{"name":"functions"},"message":"[runtime-status] [15324] Resolved module firebase-admin {\"declared\":true,\"installed\":true,\"version\":\"8.13.0\",\"resolution\":\"D:\\\\Other Projects\\\\React projects\\\\amazon-clone\\\\functions\\\\node_modules\\\\firebase-admin\\\\lib\\\\index.js\"}"}}
[debug] [2020-09-11T18:08:56.126Z] [runtime-status] [15324] Resolved module firebase-functions {"declared":true,"installed":true,"version":"3.11.0","resolution":"D:\\Other Projects\\React projects\\amazon-clone\\functions\\node_modules\\firebase-functions\\lib\\index.js"} {"metadata":{"emulator":{"name":"functions"},"message":"[runtime-status] [15324] Resolved module firebase-functions {\"declared\":true,\"installed\":true,\"version\":\"3.11.0\",\"resolution\":\"D:\\\\Other Projects\\\\React projects\\\\amazon-clone\\\\functions\\\\node_modules\\\\firebase-functions\\\\lib\\\\index.js\"}"}}
[debug] [2020-09-11T18:08:56.127Z] [runtime-status] [15324] firebase-admin has been stubbed. {"adminResolution":{"declared":true,"installed":true,"version":"8.13.0","resolution":"D:\\Other Projects\\React projects\\amazon-clone\\functions\\node_modules\\firebase-admin\\lib\\index.js"}} {"metadata":{"emulator":{"name":"functions"},"message":"[runtime-status] [15324] firebase-admin has been stubbed. {\"adminResolution\":{\"declared\":true,\"installed\":true,\"version\":\"8.13.0\",\"resolution\":\"D:\\\\Other Projects\\\\React projects\\\\amazon-clone\\\\functions\\\\node_modules\\\\firebase-admin\\\\lib\\\\index.js\"}}"}}
[debug] [2020-09-11T18:08:56.528Z] [worker-~diagnostic~-47474e12-98eb-45ba-bc7b-d60de4ce2eaf]: IDLE {"metadata":{"emulator":{"name":"functions"},"message":"[worker-~diagnostic~-47474e12-98eb-45ba-bc7b-d60de4ce2eaf]: IDLE"}}
